E:\DOKUMENTY\CVUT\ING\FULV\ALGORITMY VYHLEDAVANI\SEARCHING-ALGORITHMS\SEARCHING_ALGORITHMS\DEBUG\MAIN_CODE.OBJ
E:\DOKUMENTY\CVUT\ING\FULV\ALGORITMY VYHLEDAVANI\SEARCHING-ALGORITHMS\SEARCHING_ALGORITHMS\DEBUG\OTHER_FUNCTIONS.OBJ
E:\DOKUMENTY\CVUT\ING\FULV\ALGORITMY VYHLEDAVANI\SEARCHING-ALGORITHMS\SEARCHING_ALGORITHMS\DEBUG\SEARCHING_ALGORITHMS.OBJ
E:\DOKUMENTY\CVUT\ING\FULV\ALGORITMY VYHLEDAVANI\SEARCHING-ALGORITHMS\SEARCHING_ALGORITHMS\DEBUG\VC110.PDB
E:\DOKUMENTY\CVUT\ING\FULV\ALGORITMY VYHLEDAVANI\SEARCHING-ALGORITHMS\SEARCHING_ALGORITHMS\DEBUG\SEARCHING_ALGORITHMS.ILK
E:\DOKUMENTY\CVUT\ING\FULV\ALGORITMY VYHLEDAVANI\SEARCHING-ALGORITHMS\SEARCHING_ALGORITHMS\DEBUG\SEARCHING_ALGORITHMS.EXE
E:\DOKUMENTY\CVUT\ING\FULV\ALGORITMY VYHLEDAVANI\SEARCHING-ALGORITHMS\SEARCHING_ALGORITHMS\DEBUG\SEARCHING_ALGORITHMS.PDB
E:\Dokumenty\CVUT\Ing\FULV\Algoritmy vyhledavani\Searching-Algorithms\searching_algorithms\Debug\main_code.obj
E:\Dokumenty\CVUT\Ing\FULV\Algoritmy vyhledavani\Searching-Algorithms\searching_algorithms\Debug\other_functions.obj
E:\Dokumenty\CVUT\Ing\FULV\Algoritmy vyhledavani\Searching-Algorithms\searching_algorithms\Debug\searching_algorithms.obj
E:\Dokumenty\CVUT\Ing\FULV\Algoritmy vyhledavani\Searching-Algorithms\searching_algorithms\Debug\searching_algorithms.ilk
E:\Dokumenty\CVUT\Ing\FULV\Algoritmy vyhledavani\Searching-Algorithms\searching_algorithms\Debug\cl.command.1.tlog
E:\Dokumenty\CVUT\Ing\FULV\Algoritmy vyhledavani\Searching-Algorithms\searching_algorithms\Debug\CL.read.1.tlog
E:\Dokumenty\CVUT\Ing\FULV\Algoritmy vyhledavani\Searching-Algorithms\searching_algorithms\Debug\CL.write.1.tlog
E:\Dokumenty\CVUT\Ing\FULV\Algoritmy vyhledavani\Searching-Algorithms\searching_algorithms\Debug\link-cvtres.read.1.tlog
E:\Dokumenty\CVUT\Ing\FULV\Algoritmy vyhledavani\Searching-Algorithms\searching_algorithms\Debug\link-cvtres.write.1.tlog
E:\Dokumenty\CVUT\Ing\FULV\Algoritmy vyhledavani\Searching-Algorithms\searching_algorithms\Debug\link-rc.read.1.tlog
E:\Dokumenty\CVUT\Ing\FULV\Algoritmy vyhledavani\Searching-Algorithms\searching_algorithms\Debug\link-rc.write.1.tlog
E:\Dokumenty\CVUT\Ing\FULV\Algoritmy vyhledavani\Searching-Algorithms\searching_algorithms\Debug\link.3624-cvtres.read.1.tlog
E:\Dokumenty\CVUT\Ing\FULV\Algoritmy vyhledavani\Searching-Algorithms\searching_algorithms\Debug\link.3624-cvtres.write.1.tlog
E:\Dokumenty\CVUT\Ing\FULV\Algoritmy vyhledavani\Searching-Algorithms\searching_algorithms\Debug\link.3624-rc.read.1.tlog
E:\Dokumenty\CVUT\Ing\FULV\Algoritmy vyhledavani\Searching-Algorithms\searching_algorithms\Debug\link.3624-rc.write.1.tlog
E:\Dokumenty\CVUT\Ing\FULV\Algoritmy vyhledavani\Searching-Algorithms\searching_algorithms\Debug\link.3624.read.1.tlog
E:\Dokumenty\CVUT\Ing\FULV\Algoritmy vyhledavani\Searching-Algorithms\searching_algorithms\Debug\link.3624.write.1.tlog
E:\Dokumenty\CVUT\Ing\FULV\Algoritmy vyhledavani\Searching-Algorithms\searching_algorithms\Debug\link.3876-cvtres.read.1.tlog
E:\Dokumenty\CVUT\Ing\FULV\Algoritmy vyhledavani\Searching-Algorithms\searching_algorithms\Debug\link.3876-cvtres.write.1.tlog
E:\Dokumenty\CVUT\Ing\FULV\Algoritmy vyhledavani\Searching-Algorithms\searching_algorithms\Debug\link.3876-rc.read.1.tlog
E:\Dokumenty\CVUT\Ing\FULV\Algoritmy vyhledavani\Searching-Algorithms\searching_algorithms\Debug\link.3876-rc.write.1.tlog
E:\Dokumenty\CVUT\Ing\FULV\Algoritmy vyhledavani\Searching-Algorithms\searching_algorithms\Debug\link.3876.read.1.tlog
E:\Dokumenty\CVUT\Ing\FULV\Algoritmy vyhledavani\Searching-Algorithms\searching_algorithms\Debug\link.3876.write.1.tlog
E:\Dokumenty\CVUT\Ing\FULV\Algoritmy vyhledavani\Searching-Algorithms\searching_algorithms\Debug\link.3944-cvtres.read.1.tlog
E:\Dokumenty\CVUT\Ing\FULV\Algoritmy vyhledavani\Searching-Algorithms\searching_algorithms\Debug\link.3944-cvtres.write.1.tlog
E:\Dokumenty\CVUT\Ing\FULV\Algoritmy vyhledavani\Searching-Algorithms\searching_algorithms\Debug\link.3944-rc.read.1.tlog
E:\Dokumenty\CVUT\Ing\FULV\Algoritmy vyhledavani\Searching-Algorithms\searching_algorithms\Debug\link.3944-rc.write.1.tlog
E:\Dokumenty\CVUT\Ing\FULV\Algoritmy vyhledavani\Searching-Algorithms\searching_algorithms\Debug\link.3944.read.1.tlog
E:\Dokumenty\CVUT\Ing\FULV\Algoritmy vyhledavani\Searching-Algorithms\searching_algorithms\Debug\link.3944.write.1.tlog
E:\Dokumenty\CVUT\Ing\FULV\Algoritmy vyhledavani\Searching-Algorithms\searching_algorithms\Debug\link.4304-cvtres.read.1.tlog
E:\Dokumenty\CVUT\Ing\FULV\Algoritmy vyhledavani\Searching-Algorithms\searching_algorithms\Debug\link.4304-cvtres.write.1.tlog
E:\Dokumenty\CVUT\Ing\FULV\Algoritmy vyhledavani\Searching-Algorithms\searching_algorithms\Debug\link.4304-rc.read.1.tlog
E:\Dokumenty\CVUT\Ing\FULV\Algoritmy vyhledavani\Searching-Algorithms\searching_algorithms\Debug\link.4304-rc.write.1.tlog
E:\Dokumenty\CVUT\Ing\FULV\Algoritmy vyhledavani\Searching-Algorithms\searching_algorithms\Debug\link.4304.read.1.tlog
E:\Dokumenty\CVUT\Ing\FULV\Algoritmy vyhledavani\Searching-Algorithms\searching_algorithms\Debug\link.4304.write.1.tlog
E:\Dokumenty\CVUT\Ing\FULV\Algoritmy vyhledavani\Searching-Algorithms\searching_algorithms\Debug\link.4580-cvtres.read.1.tlog
E:\Dokumenty\CVUT\Ing\FULV\Algoritmy vyhledavani\Searching-Algorithms\searching_algorithms\Debug\link.4580-cvtres.write.1.tlog
E:\Dokumenty\CVUT\Ing\FULV\Algoritmy vyhledavani\Searching-Algorithms\searching_algorithms\Debug\link.4580-rc.read.1.tlog
E:\Dokumenty\CVUT\Ing\FULV\Algoritmy vyhledavani\Searching-Algorithms\searching_algorithms\Debug\link.4580-rc.write.1.tlog
E:\Dokumenty\CVUT\Ing\FULV\Algoritmy vyhledavani\Searching-Algorithms\searching_algorithms\Debug\link.4580.read.1.tlog
E:\Dokumenty\CVUT\Ing\FULV\Algoritmy vyhledavani\Searching-Algorithms\searching_algorithms\Debug\link.4580.write.1.tlog
E:\Dokumenty\CVUT\Ing\FULV\Algoritmy vyhledavani\Searching-Algorithms\searching_algorithms\Debug\link.4720-cvtres.read.1.tlog
E:\Dokumenty\CVUT\Ing\FULV\Algoritmy vyhledavani\Searching-Algorithms\searching_algorithms\Debug\link.4720-cvtres.write.1.tlog
E:\Dokumenty\CVUT\Ing\FULV\Algoritmy vyhledavani\Searching-Algorithms\searching_algorithms\Debug\link.4720-rc.read.1.tlog
E:\Dokumenty\CVUT\Ing\FULV\Algoritmy vyhledavani\Searching-Algorithms\searching_algorithms\Debug\link.4720-rc.write.1.tlog
E:\Dokumenty\CVUT\Ing\FULV\Algoritmy vyhledavani\Searching-Algorithms\searching_algorithms\Debug\link.4720.read.1.tlog
E:\Dokumenty\CVUT\Ing\FULV\Algoritmy vyhledavani\Searching-Algorithms\searching_algorithms\Debug\link.4720.write.1.tlog
E:\Dokumenty\CVUT\Ing\FULV\Algoritmy vyhledavani\Searching-Algorithms\searching_algorithms\Debug\link.4872-cvtres.read.1.tlog
E:\Dokumenty\CVUT\Ing\FULV\Algoritmy vyhledavani\Searching-Algorithms\searching_algorithms\Debug\link.4872-cvtres.write.1.tlog
E:\Dokumenty\CVUT\Ing\FULV\Algoritmy vyhledavani\Searching-Algorithms\searching_algorithms\Debug\link.4872-rc.read.1.tlog
E:\Dokumenty\CVUT\Ing\FULV\Algoritmy vyhledavani\Searching-Algorithms\searching_algorithms\Debug\link.4872-rc.write.1.tlog
E:\Dokumenty\CVUT\Ing\FULV\Algoritmy vyhledavani\Searching-Algorithms\searching_algorithms\Debug\link.4872.read.1.tlog
E:\Dokumenty\CVUT\Ing\FULV\Algoritmy vyhledavani\Searching-Algorithms\searching_algorithms\Debug\link.4872.write.1.tlog
E:\Dokumenty\CVUT\Ing\FULV\Algoritmy vyhledavani\Searching-Algorithms\searching_algorithms\Debug\link.4884-cvtres.read.1.tlog
E:\Dokumenty\CVUT\Ing\FULV\Algoritmy vyhledavani\Searching-Algorithms\searching_algorithms\Debug\link.4884-cvtres.write.1.tlog
E:\Dokumenty\CVUT\Ing\FULV\Algoritmy vyhledavani\Searching-Algorithms\searching_algorithms\Debug\link.4884-rc.read.1.tlog
E:\Dokumenty\CVUT\Ing\FULV\Algoritmy vyhledavani\Searching-Algorithms\searching_algorithms\Debug\link.4884-rc.write.1.tlog
E:\Dokumenty\CVUT\Ing\FULV\Algoritmy vyhledavani\Searching-Algorithms\searching_algorithms\Debug\link.4884.read.1.tlog
E:\Dokumenty\CVUT\Ing\FULV\Algoritmy vyhledavani\Searching-Algorithms\searching_algorithms\Debug\link.4884.write.1.tlog
E:\Dokumenty\CVUT\Ing\FULV\Algoritmy vyhledavani\Searching-Algorithms\searching_algorithms\Debug\link.5972-cvtres.read.1.tlog
E:\Dokumenty\CVUT\Ing\FULV\Algoritmy vyhledavani\Searching-Algorithms\searching_algorithms\Debug\link.5972-cvtres.write.1.tlog
E:\Dokumenty\CVUT\Ing\FULV\Algoritmy vyhledavani\Searching-Algorithms\searching_algorithms\Debug\link.5972-rc.read.1.tlog
E:\Dokumenty\CVUT\Ing\FULV\Algoritmy vyhledavani\Searching-Algorithms\searching_algorithms\Debug\link.5972-rc.write.1.tlog
E:\Dokumenty\CVUT\Ing\FULV\Algoritmy vyhledavani\Searching-Algorithms\searching_algorithms\Debug\link.5972.read.1.tlog
E:\Dokumenty\CVUT\Ing\FULV\Algoritmy vyhledavani\Searching-Algorithms\searching_algorithms\Debug\link.5972.write.1.tlog
E:\Dokumenty\CVUT\Ing\FULV\Algoritmy vyhledavani\Searching-Algorithms\searching_algorithms\Debug\link.6036-cvtres.read.1.tlog
E:\Dokumenty\CVUT\Ing\FULV\Algoritmy vyhledavani\Searching-Algorithms\searching_algorithms\Debug\link.6036-cvtres.write.1.tlog
E:\Dokumenty\CVUT\Ing\FULV\Algoritmy vyhledavani\Searching-Algorithms\searching_algorithms\Debug\link.6036-rc.read.1.tlog
E:\Dokumenty\CVUT\Ing\FULV\Algoritmy vyhledavani\Searching-Algorithms\searching_algorithms\Debug\link.6036-rc.write.1.tlog
E:\Dokumenty\CVUT\Ing\FULV\Algoritmy vyhledavani\Searching-Algorithms\searching_algorithms\Debug\link.6036.read.1.tlog
E:\Dokumenty\CVUT\Ing\FULV\Algoritmy vyhledavani\Searching-Algorithms\searching_algorithms\Debug\link.6036.write.1.tlog
E:\Dokumenty\CVUT\Ing\FULV\Algoritmy vyhledavani\Searching-Algorithms\searching_algorithms\Debug\link.6068-cvtres.read.1.tlog
E:\Dokumenty\CVUT\Ing\FULV\Algoritmy vyhledavani\Searching-Algorithms\searching_algorithms\Debug\link.6068-cvtres.write.1.tlog
E:\Dokumenty\CVUT\Ing\FULV\Algoritmy vyhledavani\Searching-Algorithms\searching_algorithms\Debug\link.6068-rc.read.1.tlog
E:\Dokumenty\CVUT\Ing\FULV\Algoritmy vyhledavani\Searching-Algorithms\searching_algorithms\Debug\link.6068-rc.write.1.tlog
E:\Dokumenty\CVUT\Ing\FULV\Algoritmy vyhledavani\Searching-Algorithms\searching_algorithms\Debug\link.6068.read.1.tlog
E:\Dokumenty\CVUT\Ing\FULV\Algoritmy vyhledavani\Searching-Algorithms\searching_algorithms\Debug\link.6068.write.1.tlog
E:\Dokumenty\CVUT\Ing\FULV\Algoritmy vyhledavani\Searching-Algorithms\searching_algorithms\Debug\link.command.1.tlog
E:\Dokumenty\CVUT\Ing\FULV\Algoritmy vyhledavani\Searching-Algorithms\searching_algorithms\Debug\link.read.1.tlog
E:\Dokumenty\CVUT\Ing\FULV\Algoritmy vyhledavani\Searching-Algorithms\searching_algorithms\Debug\link.write.1.tlog
E:\Dokumenty\CVUT\Ing\FULV\Algoritmy vyhledavani\Searching-Algorithms\searching_algorithms\Debug\vc110.idb
E:\Dokumenty\CVUT\Ing\FULV\Algoritmy vyhledavani\Searching-Algorithms\searching_algorithms\Debug\searching_algorithms.pdb
E:\Dokumenty\CVUT\Ing\FULV\Algoritmy vyhledavani\Searching-Algorithms\searching_algorithms\Debug\vc110.pdb
E:\Dokumenty\CVUT\Ing\FULV\Algoritmy vyhledavani\Searching-Algorithms\searching_algorithms\Debug\searching_algorithms.exe
